==3388425== Memcheck, a memory error detector
==3388425== Copyright (C) 2002-2017, and GNU GPL'd, by Julian Seward et al.
==3388425== Using Valgrind-3.18.1 and LibVEX; rerun with -h for copyright info
==3388425== Command: ./park
==3388425== 
===== DUCK PARK SIMULATION (Part 1) =====
[Time: 09:44:30] Passenger 1 entered the park
[Time: 09:44:30] Passenger 1 is exploring the park...
[Time: 09:44:32] Passenger 1 heading to ticket booth...
[Time: 09:44:32] Passenger 1 acquired a ticket
[Time: 09:44:32] Passenger 1 joined the ride queue
[Time: 09:44:32] Car 1 invoked load()
[Time: 09:44:32] Passenger 1 boarded Car 1
[Time: 09:44:33] Car 1 departed for its run
[Time: 09:44:36] Car 1 invoked unload()
[Time: 09:44:36] Passenger 1 unboarded Car 1
==3388425== 
==3388425== HEAP SUMMARY:
==3388425==     in use at exit: 0 bytes in 0 blocks
==3388425==   total heap usage: 21 allocs, 21 frees, 14,295 bytes allocated
==3388425== 
==3388425== All heap blocks were freed -- no leaks are possible
==3388425== 
==3388425== For lists of detected and suppressed errors, rerun with: -s
==3388425== ERROR SUMMARY: 0 errors from 0 contexts (suppressed: 0 from 0)
