==2941069== Memcheck, a memory error detector
==2941069== Copyright (C) 2002-2017, and GNU GPL'd, by Julian Seward et al.
==2941069== Using Valgrind-3.18.1 and LibVEX; rerun with -h for copyright info
==2941069== Command: ./part5 -f input.txt
==2941069== 
total 642
 7 valgrind-part5.log
 7 valgrind-part51.log
 7 valgrind-part4.log
 7 valgrind-part3.log
 7 valgrind-part2.log
 7 valgrind-part1.log
 7 string_parser.o
 7 string_parser.h
 7 string_parser.c
12 part5.o
59 part5_compiled.png
 7 part5.c
18 part5
12 part4.o
53 part4_compiled.png
 7 part4.c
18 part4
12 part3.o
94 part3_compiled.png
 7 part3.c
12 part3
12 part2.o
88 part2_compiled.png
 7 part2.c
12 part2
12 part1.o
82 part1_compiled.png
 7 part1.c
12 part1
 7 Makefile
 7 iobound
 1 input.txt
 7 cpubound
12 ..
12 .
execvp failed: No such file or directory
==2941072== 
==2941072== HEAP SUMMARY:
==2941072==     in use at exit: 682 bytes in 8 blocks
==2941072==   total heap usage: 29 allocs, 21 frees, 17,740 bytes allocated
==2941072== 
==2941072== LEAK SUMMARY:
==2941072==    definitely lost: 0 bytes in 0 blocks
==2941072==    indirectly lost: 0 bytes in 0 blocks
==2941072==      possibly lost: 0 bytes in 0 blocks
==2941072==    still reachable: 682 bytes in 8 blocks
==2941072==         suppressed: 0 bytes in 0 blocks
==2941072== Reachable blocks (those to which a pointer was found) are not shown.
==2941072== To see them, rerun with: --leak-check=full --show-leak-kinds=all
==2941072== 
==2941072== For lists of detected and suppressed errors, rerun with: -s
==2941072== ERROR SUMMARY: 0 errors from 0 contexts (suppressed: 0 from 0)
execvp failed: Permission denied
==2941073== 
==2941073== HEAP SUMMARY:
==2941073==     in use at exit: 708 bytes in 9 blocks
==2941073==   total heap usage: 37 allocs, 28 frees, 17,876 bytes allocated
==2941073== 
==2941073== LEAK SUMMARY:
==2941073==    definitely lost: 0 bytes in 0 blocks
==2941073==    indirectly lost: 0 bytes in 0 blocks
==2941073==      possibly lost: 0 bytes in 0 blocks
==2941073==    still reachable: 708 bytes in 9 blocks
==2941073==         suppressed: 0 bytes in 0 blocks
==2941073== Reachable blocks (those to which a pointer was found) are not shown.
==2941073== To see them, rerun with: --leak-check=full --show-leak-kinds=all
==2941073== 
==2941073== For lists of detected and suppressed errors, rerun with: -s
==2941073== ERROR SUMMARY: 0 errors from 0 contexts (suppressed: 0 from 0)
execvp failed: Permission denied
==2941074== 
==2941074== HEAP SUMMARY:
==2941074==     in use at exit: 710 bytes in 9 blocks
==2941074==   total heap usage: 45 allocs, 36 frees, 18,016 bytes allocated
==2941074== 
==2941074== LEAK SUMMARY:
==2941074==    definitely lost: 0 bytes in 0 blocks
==2941074==    indirectly lost: 0 bytes in 0 blocks
==2941074==      possibly lost: 0 bytes in 0 blocks
==2941074==    still reachable: 710 bytes in 9 blocks
==2941074==         suppressed: 0 bytes in 0 blocks
==2941074== Reachable blocks (those to which a pointer was found) are not shown.
==2941074== To see them, rerun with: --leak-check=full --show-leak-kinds=all
==2941074== 
==2941074== For lists of detected and suppressed errors, rerun with: -s
==2941074== ERROR SUMMARY: 0 errors from 0 contexts (suppressed: 0 from 0)
ls -a -r -s
sleep 1
invalid name
./iobound -seconds 10
./cpubound -seconds 10
cat input.txtPID  | utime   stime   total   nice   vmem
2941070 |   0.00    0.00    0.00      0  94486528
2941071 |   0.00    0.00    0.00      0  94486528
2941072 |   0.00    0.00    0.00      0  94486528
2941073 |   0.00    0.00    0.00      0  94486528
2941074 |   0.00    0.00    0.00      0  94486528
2941075 |   0.00    0.00    0.00      0  94486528
PID  | utime   stime   total   nice   vmem
2941071 |   0.00    0.00    0.00      0  94486528
2941072 |   0.00    0.00    0.00      0  94486528
2941073 |   0.00    0.00    0.00      0  94486528
2941074 |   0.00    0.00    0.00      0  94486528
2941075 |   0.00    0.00    0.00      0  94486528
PID  | utime   stime   total   nice   vmem
2941071 |   0.01    0.00    0.01      0  5910528
2941072 |   0.00    0.00    0.00      0  94486528
2941073 |   0.00    0.00    0.00      0  94486528
2941074 |   0.00    0.00    0.00      0  94486528
2941075 |   0.00    0.00    0.00      0  94486528
PID  | utime   stime   total   nice   vmem
2941073 |   0.00    0.00    0.00      0  94486528
2941074 |   0.00    0.00    0.00      0  94486528
2941075 |   0.00    0.00    0.00      0  94486528
PID  | utime   stime   total   nice   vmem
2941074 |   0.00    0.00    0.00      0  94486528
2941075 |   0.00    0.00    0.00      0  94486528
PID  | utime   stime   total   nice   vmem
2941075 |   0.00    0.00    0.00      0  94486528
All processes complete.
==2941069== 
==2941069== HEAP SUMMARY:
==2941069==     in use at exit: 0 bytes in 0 blocks
==2941069==   total heap usage: 1,295 allocs, 1,295 frees, 90,666 bytes allocated
==2941069== 
==2941069== All heap blocks were freed -- no leaks are possible
==2941069== 
==2941069== For lists of detected and suppressed errors, rerun with: -s
==2941069== ERROR SUMMARY: 0 errors from 0 contexts (suppressed: 0 from 0)
