==2869246== Memcheck, a memory error detector
==2869246== Copyright (C) 2002-2017, and GNU GPL'd, by Julian Seward et al.
==2869246== Using Valgrind-3.18.1 and LibVEX; rerun with -h for copyright info
==2869246== Command: ./part3 -f input.txt
==2869246== 
total 1531
  1 valgrind_log3.txt
  7 valgrind_log2.txt
  7 valgrind_log1.txt
  7 string_parser.o
  7 string_parser.h
  7 string_parser.c
  1 random.c
164 part5output2.png
204 part5output1.png
 12 part5.o
  7 part5.c
 18 part5
239 part4output2.png
233 part4output1.png
 12 part4.o
  7 part4.c
 18 part4
257 part3output.png
 12 part3.o
  7 part3.c
 12 part3
111 part2output.png
 12 part2.o
  7 part2.c
 12 part2
 12 part1.o
 82 part1_compiled.png
  7 part1.c
 12 part1
  7 Makefile
  7 iobound
  1 input.txt
  7 cpubound
 12 ..
 12 .
Error, invalid command.
==2869249== 
==2869249== HEAP SUMMARY:
==2869249==     in use at exit: 0 bytes in 0 blocks
==2869249==   total heap usage: 30 allocs, 30 frees, 25,940 bytes allocated
==2869249== 
==2869249== All heap blocks were freed -- no leaks are possible
==2869249== 
==2869249== For lists of detected and suppressed errors, rerun with: -s
==2869249== ERROR SUMMARY: 0 errors from 0 contexts (suppressed: 0 from 0)
Error, invalid command.
==2869250== 
==2869250== HEAP SUMMARY:
==2869250==     in use at exit: 0 bytes in 0 blocks
==2869250==   total heap usage: 38 allocs, 38 frees, 26,076 bytes allocated
==2869250== 
==2869250== All heap blocks were freed -- no leaks are possible
==2869250== 
==2869250== For lists of detected and suppressed errors, rerun with: -s
==2869250== ERROR SUMMARY: 0 errors from 0 contexts (suppressed: 0 from 0)
Error, invalid command.
==2869251== 
==2869251== HEAP SUMMARY:
==2869251==     in use at exit: 0 bytes in 0 blocks
==2869251==   total heap usage: 46 allocs, 46 frees, 26,216 bytes allocated
==2869251== 
==2869251== All heap blocks were freed -- no leaks are possible
==2869251== 
==2869251== For lists of detected and suppressed errors, rerun with: -s
==2869251== ERROR SUMMARY: 0 errors from 0 contexts (suppressed: 0 from 0)
ls -a -r -s
sleep 1
invalid name
./iobound -seconds 10
./cpubound -seconds 10
cat input.txtScheduling process 2869247
Scheduling process 2869248
Scheduling process 2869249
Scheduling process 2869250
Scheduling process 2869251
Scheduling process 2869252
Scheduling process 2869248
==2869246== 
==2869246== HEAP SUMMARY:
==2869246==     in use at exit: 0 bytes in 0 blocks
==2869246==   total heap usage: 53 allocs, 53 frees, 26,312 bytes allocated
==2869246== 
==2869246== All heap blocks were freed -- no leaks are possible
==2869246== 
==2869246== For lists of detected and suppressed errors, rerun with: -s
==2869246== ERROR SUMMARY: 0 errors from 0 contexts (suppressed: 0 from 0)
